<?xml version="1.0" encoding="UTF-8"?>
<!-- Generated by org.testng.reporters.JUnitReportReporter -->
<testsuite hostname="athangaraj00140" name="github_ng.Masterscript" tests="1" failures="0" timestamp="21 Nov 2018 13:50:02 GMT" time="0.027" errors="0">
  <testcase name="Maximo" time="0.027" classname="github_ng.Masterscript"/>
</testsuite> <!-- github_ng.Masterscript -->
